<?xml version="1.0" encoding="UTF-8"?>
<!-- Generated by org.testng.reporters.JUnitReportReporter -->
<testsuite hostname="harish-homepc" name="NikhilSelenium.NikhilSeleniumMavenTestNG.BasicAnnotationsTest" tests="1" failures="1" timestamp="8 Mar 2014 08:58:44 GMT" time="30.500" errors="0">
  <testcase name="verifyRemoveItemPageObjectNegative" time="30.500" classname="NikhilSelenium.NikhilSeleniumMavenTestNG.BasicAnnotationsTest">
    <failure type="java.lang.Error" message="Item Item1 doesn&#039;t exist and so cannot remove">
      <![CDATA[java.lang.Error: Item Item1 doesn't exist and so cannot remove
	at com.knockOutPages.BetterList.removeItem(BetterList.java:78)
	at NikhilSelenium.NikhilSeleniumMavenTestNG.BasicAnnotationsTest.verifyRemoveItemPageObjectNegative(BasicAnnotationsTest.java:212)
	at sun.reflect.NativeMethodAccessorImpl.invoke0(Native Method)
	at sun.reflect.NativeMethodAccessorImpl.invoke(Unknown Source)
	at sun.reflect.DelegatingMethodAccessorImpl.invoke(Unknown Source)
	at java.lang.reflect.Method.invoke(Unknown Source)
	at org.testng.internal.MethodInvocationHelper.invokeMethod(MethodInvocationHelper.java:84)
	at org.testng.internal.Invoker.invokeMethod(Invoker.java:714)
	at org.testng.internal.Invoker.invokeTestMethod(Invoker.java:901)
	at org.testng.internal.Invoker.invokeTestMethods(Invoker.java:1231)
	at org.testng.internal.TestMethodWorker.invokeTestMethods(TestMethodWorker.java:127)
	at org.testng.internal.TestMethodWorker.run(TestMethodWorker.java:111)
	at org.testng.TestRunner.privateRun(TestRunner.java:767)
	at org.testng.TestRunner.run(TestRunner.java:617)
	at org.testng.SuiteRunner.runTest(SuiteRunner.java:334)
	at org.testng.SuiteRunner.runSequentially(SuiteRunner.java:329)
	at org.testng.SuiteRunner.privateRun(SuiteRunner.java:291)
	at org.testng.SuiteRunner.run(SuiteRunner.java:240)
	at org.testng.SuiteRunnerWorker.runSuite(SuiteRunnerWorker.java:52)
	at org.testng.SuiteRunnerWorker.run(SuiteRunnerWorker.java:86)
	at org.testng.TestNG.runSuitesSequentially(TestNG.java:1224)
	at org.testng.TestNG.runSuitesLocally(TestNG.java:1149)
	at org.testng.TestNG.run(TestNG.java:1057)
	at org.testng.remote.RemoteTestNG.run(RemoteTestNG.java:111)
	at org.testng.remote.RemoteTestNG.initAndRun(RemoteTestNG.java:204)
	at org.testng.remote.RemoteTestNG.main(RemoteTestNG.java:175)
]]>
    </failure>
  </testcase> <!-- verifyRemoveItemPageObjectNegative -->
</testsuite> <!-- NikhilSelenium.NikhilSeleniumMavenTestNG.BasicAnnotationsTest -->
