<?xml version="1.0" encoding="UTF-8" ?>
<testsuite failures="0" time="88.375" errors="0" skipped="0" tests="2" name="TestSuite">
  <properties>
    <property name="java.runtime.name" value="Java(TM) SE Runtime Environment"/>
    <property name="sun.boot.library.path" value="D:\Program Files\Java\jdk1.7.0_51\jre\bin"/>
    <property name="java.vm.version" value="24.51-b03"/>
    <property name="java.vm.vendor" value="Oracle Corporation"/>
    <property name="java.vendor.url" value="http://java.oracle.com/"/>
    <property name="path.separator" value=";"/>
    <property name="guice.disable.misplaced.annotation.check" value="true"/>
    <property name="java.vm.name" value="Java HotSpot(TM) Client VM"/>
    <property name="file.encoding.pkg" value="sun.io"/>
    <property name="user.script" value=""/>
    <property name="user.country" value="US"/>
    <property name="sun.java.launcher" value="SUN_STANDARD"/>
    <property name="sun.os.patch.level" value="Service Pack 3"/>
    <property name="java.vm.specification.name" value="Java Virtual Machine Specification"/>
    <property name="user.dir" value="F:\Common\SeleniumTrainingWS\NikhilSeleniumMavenTestNG"/>
    <property name="java.runtime.version" value="1.7.0_51-b13"/>
    <property name="java.awt.graphicsenv" value="sun.awt.Win32GraphicsEnvironment"/>
    <property name="java.endorsed.dirs" value="D:\Program Files\Java\jdk1.7.0_51\jre\lib\endorsed"/>
    <property name="os.arch" value="x86"/>
    <property name="java.io.tmpdir" value="D:\DOCUME~1\harish\LOCALS~1\Temp\"/>
    <property name="line.separator" value="
"/>
    <property name="java.vm.specification.vendor" value="Oracle Corporation"/>
    <property name="user.variant" value=""/>
    <property name="os.name" value="Windows XP"/>
    <property name="classworlds.conf" value="F:\Common\swdumps\apache-maven-3.0.4\bin\m2.conf"/>
    <property name="sun.jnu.encoding" value="Cp1252"/>
    <property name="java.library.path" value="D:\Program Files\Java\jdk1.7.0_51\bin;D:\WINDOWS\Sun\Java\bin;D:\WINDOWS\system32;D:\WINDOWS;D:\Ruby193\bin;D:\Program Files\PC Connectivity Solution\;D:\WINDOWS\system32;D:\WINDOWS;D:\WINDOWS\System32\Wbem;D:\Program Files\Microsoft SQL Server\90\Tools\binn\;D:\Program Files\Java\jdk1.6.0\bin;F:\Common\swdumps\apache-ant-1.8.4\bin;.;D:\Program Files\MySQL\MySQL Server 5.0\bin;F:\Common\swdumps;F:\Common\swdumps\Selenium_2_25\IEDriverServer.exe;F:\Common\swdumps\apache-maven-3.0.4\bin;F:\Common\swdumps\SeleniumChromeDriver\chromedriver.exe;F:\Common\swdumps\AndroidSDK\adt-bundle-windows-x86-20131030\sdk\platform-tools;D:\Program Files\Sikuli X\libs;D:\Program Files\Java\jre6\\bin;."/>
    <property name="java.specification.name" value="Java Platform API Specification"/>
    <property name="java.class.version" value="51.0"/>
    <property name="sun.management.compiler" value="HotSpot Client Compiler"/>
    <property name="os.version" value="5.1"/>
    <property name="user.home" value="D:\Documents and Settings\harish"/>
    <property name="user.timezone" value="Europe/London"/>
    <property name="java.awt.printerjob" value="sun.awt.windows.WPrinterJob"/>
    <property name="java.specification.version" value="1.7"/>
    <property name="file.encoding" value="Cp1252"/>
    <property name="user.name" value="harish"/>
    <property name="java.class.path" value="F:\Common\swdumps\apache-maven-3.0.4\boot\plexus-classworlds-2.4.jar"/>
    <property name="java.vm.specification.version" value="1.7"/>
    <property name="sun.arch.data.model" value="32"/>
    <property name="java.home" value="D:\Program Files\Java\jdk1.7.0_51\jre"/>
    <property name="sun.java.command" value="org.codehaus.plexus.classworlds.launcher.Launcher clean test"/>
    <property name="java.specification.vendor" value="Oracle Corporation"/>
    <property name="user.language" value="en"/>
    <property name="awt.toolkit" value="sun.awt.windows.WToolkit"/>
    <property name="java.vm.info" value="mixed mode, sharing"/>
    <property name="java.version" value="1.7.0_51"/>
    <property name="java.ext.dirs" value="D:\Program Files\Java\jdk1.7.0_51\jre\lib\ext;D:\WINDOWS\Sun\Java\lib\ext"/>
    <property name="sun.boot.class.path" value="D:\Program Files\Java\jdk1.7.0_51\jre\lib\resources.jar;D:\Program Files\Java\jdk1.7.0_51\jre\lib\rt.jar;D:\Program Files\Java\jdk1.7.0_51\jre\lib\sunrsasign.jar;D:\Program Files\Java\jdk1.7.0_51\jre\lib\jsse.jar;D:\Program Files\Java\jdk1.7.0_51\jre\lib\jce.jar;D:\Program Files\Java\jdk1.7.0_51\jre\lib\charsets.jar;D:\Program Files\Java\jdk1.7.0_51\jre\lib\jfr.jar;D:\Program Files\Java\jdk1.7.0_51\jre\classes"/>
    <property name="java.vendor" value="Oracle Corporation"/>
    <property name="maven.home" value="F:\Common\swdumps\apache-maven-3.0.4"/>
    <property name="file.separator" value="\"/>
    <property name="java.vendor.url.bug" value="http://bugreport.sun.com/bugreport/"/>
    <property name="sun.cpu.endian" value="little"/>
    <property name="sun.io.unicode.encoding" value="UnicodeLittle"/>
    <property name="sun.desktop" value="windows"/>
    <property name="sun.cpu.isalist" value="pentium_pro+mmx pentium_pro pentium+mmx pentium i486 i386 i86"/>
  </properties>
  <testcase time="85.516" classname="NikhilSelenium.NikhilSeleniumMavenTestNG.BasicAnnotationsTest" name="verifyUIObjects"/>
  <testcase time="86.063" classname="NikhilSelenium.NikhilSeleniumMavenTestNG.AppTest" name="testApp on instance testApp"/>
</testsuite>