<?xml version="1.0" encoding="UTF-8"?>
<!-- Generated by org.testng.reporters.JUnitReportReporter -->
<testsuite hostname="harish-homepc" name="NikhilSelenium.NikhilSeleniumMavenTestNG.BasicAnnotationsTest" tests="1" failures="0" timestamp="8 Mar 2014 07:25:59 GMT" time="85.532" errors="0">
  <testcase name="verifyUIObjects" time="85.532" classname="NikhilSelenium.NikhilSeleniumMavenTestNG.BasicAnnotationsTest"/>
</testsuite>
