<?xml version="1.0" encoding="UTF-8"?>
<!-- Generated by org.testng.reporters.JUnitReportReporter -->
<testsuite hostname="harish-homepc" name="NikhilSelenium.NikhilSeleniumMavenTestNG.AppTest" tests="1" failures="0" timestamp="8 Mar 2014 07:26:00 GMT" time="0.031" errors="0">
  <testcase name="testApp" time="0.031" classname="NikhilSelenium.NikhilSeleniumMavenTestNG.AppTest"/>
</testsuite>
